{"/Users/zacharyjones/betterTogether/app.js": {"path":"/Users/zacharyjones/betterTogether/app.js","statementMap":{"0":{"start":{"line":1,"column":18},"end":{"line":1,"column":40}},"1":{"start":{"line":2,"column":14},"end":{"line":2,"column":32}},"2":{"start":{"line":3,"column":11},"end":{"line":3,"column":26}},"3":{"start":{"line":4,"column":19},"end":{"line":4,"column":43}},"4":{"start":{"line":5,"column":13},"end":{"line":5,"column":30}},"5":{"start":{"line":7,"column":18},"end":{"line":7,"column":43}},"6":{"start":{"line":8,"column":18},"end":{"line":8,"column":43}},"7":{"start":{"line":10,"column":10},"end":{"line":10,"column":19}},"8":{"start":{"line":13,"column":0},"end":{"line":13,"column":48}},"9":{"start":{"line":14,"column":0},"end":{"line":14,"column":31}},"10":{"start":{"line":16,"column":0},"end":{"line":16,"column":23}},"11":{"start":{"line":17,"column":0},"end":{"line":17,"column":24}},"12":{"start":{"line":18,"column":0},"end":{"line":18,"column":49}},"13":{"start":{"line":19,"column":0},"end":{"line":19,"column":24}},"14":{"start":{"line":20,"column":0},"end":{"line":20,"column":56}},"15":{"start":{"line":23,"column":0},"end":{"line":25,"column":3}},"16":{"start":{"line":24,"column":2},"end":{"line":24,"column":25}},"17":{"start":{"line":28,"column":0},"end":{"line":36,"column":3}},"18":{"start":{"line":30,"column":2},"end":{"line":30,"column":35}},"19":{"start":{"line":31,"column":2},"end":{"line":31,"column":69}},"20":{"start":{"line":34,"column":2},"end":{"line":34,"column":32}},"21":{"start":{"line":35,"column":2},"end":{"line":35,"column":22}},"22":{"start":{"line":38,"column":0},"end":{"line":38,"column":21}}},"fnMap":{"0":{"name":"(anonymous_0)","decl":{"start":{"line":23,"column":8},"end":{"line":23,"column":9}},"loc":{"start":{"line":23,"column":34},"end":{"line":25,"column":1}},"line":23},"1":{"name":"(anonymous_1)","decl":{"start":{"line":28,"column":8},"end":{"line":28,"column":9}},"loc":{"start":{"line":28,"column":39},"end":{"line":36,"column":1}},"line":28}},"branchMap":{"0":{"loc":{"start":{"line":31,"column":21},"end":{"line":31,"column":68}},"type":"cond-expr","locations":[{"start":{"line":31,"column":60},"end":{"line":31,"column":63}},{"start":{"line":31,"column":66},"end":{"line":31,"column":68}}],"line":31},"1":{"loc":{"start":{"line":34,"column":13},"end":{"line":34,"column":30}},"type":"binary-expr","locations":[{"start":{"line":34,"column":13},"end":{"line":34,"column":23}},{"start":{"line":34,"column":27},"end":{"line":34,"column":30}}],"line":34}},"s":{"0":2,"1":2,"2":2,"3":2,"4":2,"5":2,"6":2,"7":2,"8":2,"9":2,"10":2,"11":2,"12":2,"13":2,"14":2,"15":2,"16":0,"17":2,"18":0,"19":0,"20":0,"21":0,"22":2},"f":{"0":0,"1":0},"b":{"0":[0,0],"1":[0,0]},"_coverageSchema":"1a1c01bbd47fc00a2c39e90264f33305004495a9","hash":"d3d4f0bc4c6ce397ccc9a89e51ffa775a339e78b"}
,"/Users/zacharyjones/betterTogether/routes/index.js": {"path":"/Users/zacharyjones/betterTogether/routes/index.js","statementMap":{"0":{"start":{"line":1,"column":11},"end":{"line":1,"column":31}},"1":{"start":{"line":2,"column":16},"end":{"line":2,"column":34}},"2":{"start":{"line":3,"column":19},"end":{"line":3,"column":41}},"3":{"start":{"line":4,"column":12},"end":{"line":4,"column":21}},"4":{"start":{"line":5,"column":13},"end":{"line":5,"column":28}},"5":{"start":{"line":6,"column":20},"end":{"line":6,"column":39}},"6":{"start":{"line":8,"column":13},"end":{"line":8,"column":37}},"7":{"start":{"line":11,"column":0},"end":{"line":11,"column":16}},"8":{"start":{"line":12,"column":0},"end":{"line":12,"column":27}},"9":{"start":{"line":13,"column":0},"end":{"line":17,"column":2}},"10":{"start":{"line":23,"column":0},"end":{"line":23,"column":35}},"11":{"start":{"line":25,"column":0},"end":{"line":25,"column":35}},"12":{"start":{"line":27,"column":0},"end":{"line":27,"column":44}},"13":{"start":{"line":29,"column":0},"end":{"line":29,"column":53}},"14":{"start":{"line":31,"column":0},"end":{"line":41,"column":3}},"15":{"start":{"line":32,"column":2},"end":{"line":32,"column":31}},"16":{"start":{"line":33,"column":2},"end":{"line":35,"column":3}},"17":{"start":{"line":34,"column":4},"end":{"line":34,"column":52}},"18":{"start":{"line":36,"column":2},"end":{"line":40,"column":3}},"19":{"start":{"line":37,"column":4},"end":{"line":37,"column":51}},"20":{"start":{"line":39,"column":4},"end":{"line":39,"column":27}},"21":{"start":{"line":42,"column":0},"end":{"line":65,"column":3}},"22":{"start":{"line":44,"column":2},"end":{"line":46,"column":3}},"23":{"start":{"line":45,"column":4},"end":{"line":45,"column":50}},"24":{"start":{"line":47,"column":2},"end":{"line":49,"column":3}},"25":{"start":{"line":48,"column":4},"end":{"line":48,"column":47}},"26":{"start":{"line":50,"column":2},"end":{"line":56,"column":3}},"27":{"start":{"line":54,"column":4},"end":{"line":54,"column":36}},"28":{"start":{"line":55,"column":4},"end":{"line":55,"column":53}},"29":{"start":{"line":57,"column":2},"end":{"line":61,"column":3}},"30":{"start":{"line":58,"column":4},"end":{"line":58,"column":53}},"31":{"start":{"line":60,"column":4},"end":{"line":60,"column":27}},"32":{"start":{"line":67,"column":0},"end":{"line":67,"column":50}},"33":{"start":{"line":69,"column":0},"end":{"line":69,"column":58}}},"fnMap":{"0":{"name":"(anonymous_0)","decl":{"start":{"line":31,"column":39},"end":{"line":31,"column":40}},"loc":{"start":{"line":31,"column":59},"end":{"line":41,"column":1}},"line":31},"1":{"name":"(anonymous_1)","decl":{"start":{"line":42,"column":21},"end":{"line":42,"column":22}},"loc":{"start":{"line":42,"column":41},"end":{"line":65,"column":1}},"line":42}},"branchMap":{"0":{"loc":{"start":{"line":8,"column":13},"end":{"line":8,"column":37}},"type":"binary-expr","locations":[{"start":{"line":8,"column":13},"end":{"line":8,"column":29}},{"start":{"line":8,"column":33},"end":{"line":8,"column":37}}],"line":8},"1":{"loc":{"start":{"line":33,"column":2},"end":{"line":35,"column":3}},"type":"if","locations":[{"start":{"line":33,"column":2},"end":{"line":35,"column":3}},{"start":{},"end":{}}],"line":33},"2":{"loc":{"start":{"line":36,"column":2},"end":{"line":40,"column":3}},"type":"if","locations":[{"start":{"line":36,"column":2},"end":{"line":40,"column":3}},{"start":{"line":38,"column":9},"end":{"line":40,"column":3}}],"line":36},"3":{"loc":{"start":{"line":44,"column":2},"end":{"line":46,"column":3}},"type":"if","locations":[{"start":{"line":44,"column":2},"end":{"line":46,"column":3}},{"start":{},"end":{}}],"line":44},"4":{"loc":{"start":{"line":47,"column":2},"end":{"line":49,"column":3}},"type":"if","locations":[{"start":{"line":47,"column":2},"end":{"line":49,"column":3}},{"start":{},"end":{}}],"line":47},"5":{"loc":{"start":{"line":50,"column":2},"end":{"line":56,"column":3}},"type":"if","locations":[{"start":{"line":50,"column":2},"end":{"line":56,"column":3}},{"start":{},"end":{}}],"line":50},"6":{"loc":{"start":{"line":57,"column":2},"end":{"line":61,"column":3}},"type":"if","locations":[{"start":{"line":57,"column":2},"end":{"line":61,"column":3}},{"start":{"line":59,"column":9},"end":{"line":61,"column":3}}],"line":57}},"s":{"0":2,"1":2,"2":2,"3":2,"4":2,"5":2,"6":2,"7":2,"8":2,"9":2,"10":2,"11":2,"12":2,"13":2,"14":2,"15":0,"16":0,"17":0,"18":0,"19":0,"20":0,"21":2,"22":0,"23":0,"24":0,"25":0,"26":0,"27":0,"28":0,"29":0,"30":0,"31":0,"32":2,"33":2},"f":{"0":0,"1":0},"b":{"0":[2,2],"1":[0,0],"2":[0,0],"3":[0,0],"4":[0,0],"5":[0,0],"6":[0,0]},"_coverageSchema":"1a1c01bbd47fc00a2c39e90264f33305004495a9","hash":"a8fffb08f288cefe6fa175970acc5cfe177405b2"}
,"/Users/zacharyjones/betterTogether/routes/queries.js": {"path":"/Users/zacharyjones/betterTogether/routes/queries.js","statementMap":{"0":{"start":{"line":1,"column":13},"end":{"line":1,"column":31}},"1":{"start":{"line":5,"column":0},"end":{"line":23,"column":1}},"2":{"start":{"line":6,"column":2},"end":{"line":12,"column":5}},"3":{"start":{"line":14,"column":2},"end":{"line":22,"column":5}},"4":{"start":{"line":24,"column":21},"end":{"line":37,"column":1}},"5":{"start":{"line":25,"column":19},"end":{"line":25,"column":42}},"6":{"start":{"line":26,"column":2},"end":{"line":36,"column":4}},"7":{"start":{"line":30,"column":6},"end":{"line":33,"column":7}},"8":{"start":{"line":31,"column":8},"end":{"line":31,"column":27}},"9":{"start":{"line":32,"column":8},"end":{"line":32,"column":21}},"10":{"start":{"line":34,"column":6},"end":{"line":34,"column":46}},"11":{"start":{"line":39,"column":18},"end":{"line":51,"column":1}},"12":{"start":{"line":40,"column":19},"end":{"line":40,"column":42}},"13":{"start":{"line":41,"column":2},"end":{"line":50,"column":4}},"14":{"start":{"line":45,"column":6},"end":{"line":47,"column":7}},"15":{"start":{"line":46,"column":8},"end":{"line":46,"column":20}},"16":{"start":{"line":48,"column":6},"end":{"line":48,"column":46}},"17":{"start":{"line":53,"column":19},"end":{"line":69,"column":1}},"18":{"start":{"line":54,"column":2},"end":{"line":68,"column":4}},"19":{"start":{"line":58,"column":6},"end":{"line":60,"column":7}},"20":{"start":{"line":59,"column":8},"end":{"line":59,"column":20}},"21":{"start":{"line":61,"column":6},"end":{"line":66,"column":7}},"22":{"start":{"line":62,"column":8},"end":{"line":62,"column":34}},"23":{"start":{"line":63,"column":8},"end":{"line":63,"column":48}},"24":{"start":{"line":65,"column":8},"end":{"line":65,"column":48}},"25":{"start":{"line":71,"column":18},"end":{"line":83,"column":1}},"26":{"start":{"line":72,"column":37},"end":{"line":72,"column":49}},"27":{"start":{"line":73,"column":2},"end":{"line":82,"column":4}},"28":{"start":{"line":77,"column":6},"end":{"line":79,"column":7}},"29":{"start":{"line":78,"column":8},"end":{"line":78,"column":21}},"30":{"start":{"line":80,"column":6},"end":{"line":80,"column":46}},"31":{"start":{"line":85,"column":19},"end":{"line":97,"column":1}},"32":{"start":{"line":86,"column":19},"end":{"line":86,"column":42}},"33":{"start":{"line":87,"column":2},"end":{"line":96,"column":4}},"34":{"start":{"line":91,"column":6},"end":{"line":93,"column":7}},"35":{"start":{"line":92,"column":8},"end":{"line":92,"column":20}},"36":{"start":{"line":94,"column":6},"end":{"line":94,"column":46}},"37":{"start":{"line":99,"column":18},"end":{"line":113,"column":1}},"38":{"start":{"line":100,"column":19},"end":{"line":100,"column":42}},"39":{"start":{"line":101,"column":17},"end":{"line":101,"column":36}},"40":{"start":{"line":102,"column":2},"end":{"line":112,"column":4}},"41":{"start":{"line":106,"column":6},"end":{"line":109,"column":7}},"42":{"start":{"line":107,"column":8},"end":{"line":107,"column":27}},"43":{"start":{"line":108,"column":8},"end":{"line":108,"column":21}},"44":{"start":{"line":110,"column":6},"end":{"line":110,"column":46}},"45":{"start":{"line":115,"column":21},"end":{"line":128,"column":1}},"46":{"start":{"line":116,"column":19},"end":{"line":116,"column":42}},"47":{"start":{"line":117,"column":2},"end":{"line":127,"column":4}},"48":{"start":{"line":121,"column":6},"end":{"line":124,"column":7}},"49":{"start":{"line":122,"column":8},"end":{"line":122,"column":27}},"50":{"start":{"line":123,"column":8},"end":{"line":123,"column":21}},"51":{"start":{"line":125,"column":6},"end":{"line":125,"column":46}},"52":{"start":{"line":130,"column":0},"end":{"line":138,"column":2}}},"fnMap":{"0":{"name":"(anonymous_0)","decl":{"start":{"line":24,"column":21},"end":{"line":24,"column":22}},"loc":{"start":{"line":24,"column":44},"end":{"line":37,"column":1}},"line":24},"1":{"name":"(anonymous_1)","decl":{"start":{"line":29,"column":4},"end":{"line":29,"column":5}},"loc":{"start":{"line":29,"column":24},"end":{"line":35,"column":5}},"line":29},"2":{"name":"(anonymous_2)","decl":{"start":{"line":39,"column":18},"end":{"line":39,"column":19}},"loc":{"start":{"line":39,"column":41},"end":{"line":51,"column":1}},"line":39},"3":{"name":"(anonymous_3)","decl":{"start":{"line":44,"column":4},"end":{"line":44,"column":5}},"loc":{"start":{"line":44,"column":24},"end":{"line":49,"column":5}},"line":44},"4":{"name":"(anonymous_4)","decl":{"start":{"line":53,"column":19},"end":{"line":53,"column":20}},"loc":{"start":{"line":53,"column":42},"end":{"line":69,"column":1}},"line":53},"5":{"name":"(anonymous_5)","decl":{"start":{"line":57,"column":4},"end":{"line":57,"column":5}},"loc":{"start":{"line":57,"column":24},"end":{"line":67,"column":5}},"line":57},"6":{"name":"(anonymous_6)","decl":{"start":{"line":71,"column":18},"end":{"line":71,"column":19}},"loc":{"start":{"line":71,"column":41},"end":{"line":83,"column":1}},"line":71},"7":{"name":"(anonymous_7)","decl":{"start":{"line":76,"column":4},"end":{"line":76,"column":5}},"loc":{"start":{"line":76,"column":24},"end":{"line":81,"column":5}},"line":76},"8":{"name":"(anonymous_8)","decl":{"start":{"line":85,"column":19},"end":{"line":85,"column":20}},"loc":{"start":{"line":85,"column":42},"end":{"line":97,"column":1}},"line":85},"9":{"name":"(anonymous_9)","decl":{"start":{"line":90,"column":4},"end":{"line":90,"column":5}},"loc":{"start":{"line":90,"column":24},"end":{"line":95,"column":5}},"line":90},"10":{"name":"(anonymous_10)","decl":{"start":{"line":99,"column":18},"end":{"line":99,"column":19}},"loc":{"start":{"line":99,"column":41},"end":{"line":113,"column":1}},"line":99},"11":{"name":"(anonymous_11)","decl":{"start":{"line":105,"column":4},"end":{"line":105,"column":5}},"loc":{"start":{"line":105,"column":24},"end":{"line":111,"column":5}},"line":105},"12":{"name":"(anonymous_12)","decl":{"start":{"line":115,"column":21},"end":{"line":115,"column":22}},"loc":{"start":{"line":115,"column":44},"end":{"line":128,"column":1}},"line":115},"13":{"name":"(anonymous_13)","decl":{"start":{"line":120,"column":4},"end":{"line":120,"column":5}},"loc":{"start":{"line":120,"column":24},"end":{"line":126,"column":5}},"line":120}},"branchMap":{"0":{"loc":{"start":{"line":5,"column":0},"end":{"line":23,"column":1}},"type":"if","locations":[{"start":{"line":5,"column":0},"end":{"line":23,"column":1}},{"start":{"line":13,"column":7},"end":{"line":23,"column":1}}],"line":5},"1":{"loc":{"start":{"line":30,"column":6},"end":{"line":33,"column":7}},"type":"if","locations":[{"start":{"line":30,"column":6},"end":{"line":33,"column":7}},{"start":{},"end":{}}],"line":30},"2":{"loc":{"start":{"line":45,"column":6},"end":{"line":47,"column":7}},"type":"if","locations":[{"start":{"line":45,"column":6},"end":{"line":47,"column":7}},{"start":{},"end":{}}],"line":45},"3":{"loc":{"start":{"line":58,"column":6},"end":{"line":60,"column":7}},"type":"if","locations":[{"start":{"line":58,"column":6},"end":{"line":60,"column":7}},{"start":{},"end":{}}],"line":58},"4":{"loc":{"start":{"line":61,"column":6},"end":{"line":66,"column":7}},"type":"if","locations":[{"start":{"line":61,"column":6},"end":{"line":66,"column":7}},{"start":{"line":64,"column":13},"end":{"line":66,"column":7}}],"line":61},"5":{"loc":{"start":{"line":77,"column":6},"end":{"line":79,"column":7}},"type":"if","locations":[{"start":{"line":77,"column":6},"end":{"line":79,"column":7}},{"start":{},"end":{}}],"line":77},"6":{"loc":{"start":{"line":91,"column":6},"end":{"line":93,"column":7}},"type":"if","locations":[{"start":{"line":91,"column":6},"end":{"line":93,"column":7}},{"start":{},"end":{}}],"line":91},"7":{"loc":{"start":{"line":106,"column":6},"end":{"line":109,"column":7}},"type":"if","locations":[{"start":{"line":106,"column":6},"end":{"line":109,"column":7}},{"start":{},"end":{}}],"line":106},"8":{"loc":{"start":{"line":121,"column":6},"end":{"line":124,"column":7}},"type":"if","locations":[{"start":{"line":121,"column":6},"end":{"line":124,"column":7}},{"start":{},"end":{}}],"line":121}},"s":{"0":2,"1":2,"2":0,"3":2,"4":2,"5":0,"6":0,"7":0,"8":0,"9":0,"10":0,"11":2,"12":0,"13":0,"14":0,"15":0,"16":0,"17":2,"18":0,"19":0,"20":0,"21":0,"22":0,"23":0,"24":0,"25":2,"26":0,"27":0,"28":0,"29":0,"30":0,"31":2,"32":0,"33":0,"34":0,"35":0,"36":0,"37":2,"38":0,"39":0,"40":0,"41":0,"42":0,"43":0,"44":0,"45":2,"46":0,"47":0,"48":0,"49":0,"50":0,"51":0,"52":2},"f":{"0":0,"1":0,"2":0,"3":0,"4":0,"5":0,"6":0,"7":0,"8":0,"9":0,"10":0,"11":0,"12":0,"13":0},"b":{"0":[0,2],"1":[0,0],"2":[0,0],"3":[0,0],"4":[0,0],"5":[0,0],"6":[0,0],"7":[0,0],"8":[0,0]},"_coverageSchema":"1a1c01bbd47fc00a2c39e90264f33305004495a9","hash":"e3c7f30a2b5235c71584917d835a70714aebfbe7"}
,"/Users/zacharyjones/betterTogether/routes/users.js": {"path":"/Users/zacharyjones/betterTogether/routes/users.js","statementMap":{"0":{"start":{"line":1,"column":14},"end":{"line":1,"column":32}},"1":{"start":{"line":2,"column":13},"end":{"line":2,"column":29}},"2":{"start":{"line":5,"column":0},"end":{"line":7,"column":3}},"3":{"start":{"line":6,"column":2},"end":{"line":6,"column":38}},"4":{"start":{"line":9,"column":0},"end":{"line":9,"column":24}}},"fnMap":{"0":{"name":"(anonymous_0)","decl":{"start":{"line":5,"column":16},"end":{"line":5,"column":17}},"loc":{"start":{"line":5,"column":41},"end":{"line":7,"column":1}},"line":5}},"branchMap":{},"s":{"0":2,"1":2,"2":2,"3":0,"4":2},"f":{"0":0},"b":{},"_coverageSchema":"1a1c01bbd47fc00a2c39e90264f33305004495a9","hash":"15b0b2c8c3b4e9ecd3f0551c99dbdd93c820a5dd"}
}
