TN:
SF:app.js
FN:23,(anonymous_0)
FN:28,(anonymous_1)
FNF:2
FNH:0
FNDA:0,(anonymous_0)
FNDA:0,(anonymous_1)
DA:1,2
DA:2,2
DA:3,2
DA:4,2
DA:5,2
DA:7,2
DA:8,2
DA:10,2
DA:13,2
DA:14,2
DA:16,2
DA:17,2
DA:18,2
DA:19,2
DA:20,2
DA:23,2
DA:24,0
DA:28,2
DA:30,0
DA:31,0
DA:34,0
DA:35,0
DA:38,2
LF:23
LH:18
BRDA:31,0,0,0
BRDA:31,0,1,0
BRDA:34,1,0,0
BRDA:34,1,1,0
BRF:4
BRH:0
end_of_record
TN:
SF:routes/index.js
FN:31,(anonymous_0)
FN:42,(anonymous_1)
FNF:2
FNH:0
FNDA:0,(anonymous_0)
FNDA:0,(anonymous_1)
DA:1,2
DA:2,2
DA:3,2
DA:4,2
DA:5,2
DA:6,2
DA:8,2
DA:11,2
DA:12,2
DA:13,2
DA:23,2
DA:25,2
DA:27,2
DA:29,2
DA:31,2
DA:32,0
DA:33,0
DA:34,0
DA:36,0
DA:37,0
DA:39,0
DA:42,2
DA:44,0
DA:45,0
DA:47,0
DA:48,0
DA:50,0
DA:54,0
DA:55,0
DA:57,0
DA:58,0
DA:60,0
DA:67,2
DA:69,2
LF:34
LH:18
BRDA:8,0,0,2
BRDA:8,0,1,2
BRDA:33,1,0,0
BRDA:33,1,1,0
BRDA:36,2,0,0
BRDA:36,2,1,0
BRDA:44,3,0,0
BRDA:44,3,1,0
BRDA:47,4,0,0
BRDA:47,4,1,0
BRDA:50,5,0,0
BRDA:50,5,1,0
BRDA:57,6,0,0
BRDA:57,6,1,0
BRF:14
BRH:2
end_of_record
TN:
SF:routes/queries.js
FN:24,(anonymous_0)
FN:29,(anonymous_1)
FN:39,(anonymous_2)
FN:44,(anonymous_3)
FN:53,(anonymous_4)
FN:57,(anonymous_5)
FN:71,(anonymous_6)
FN:76,(anonymous_7)
FN:85,(anonymous_8)
FN:90,(anonymous_9)
FN:99,(anonymous_10)
FN:105,(anonymous_11)
FN:115,(anonymous_12)
FN:120,(anonymous_13)
FNF:14
FNH:0
FNDA:0,(anonymous_0)
FNDA:0,(anonymous_1)
FNDA:0,(anonymous_2)
FNDA:0,(anonymous_3)
FNDA:0,(anonymous_4)
FNDA:0,(anonymous_5)
FNDA:0,(anonymous_6)
FNDA:0,(anonymous_7)
FNDA:0,(anonymous_8)
FNDA:0,(anonymous_9)
FNDA:0,(anonymous_10)
FNDA:0,(anonymous_11)
FNDA:0,(anonymous_12)
FNDA:0,(anonymous_13)
DA:1,2
DA:5,2
DA:6,0
DA:14,2
DA:24,2
DA:25,0
DA:26,0
DA:30,0
DA:31,0
DA:32,0
DA:34,0
DA:39,2
DA:40,0
DA:41,0
DA:45,0
DA:46,0
DA:48,0
DA:53,2
DA:54,0
DA:58,0
DA:59,0
DA:61,0
DA:62,0
DA:63,0
DA:65,0
DA:71,2
DA:72,0
DA:73,0
DA:77,0
DA:78,0
DA:80,0
DA:85,2
DA:86,0
DA:87,0
DA:91,0
DA:92,0
DA:94,0
DA:99,2
DA:100,0
DA:101,0
DA:102,0
DA:106,0
DA:107,0
DA:108,0
DA:110,0
DA:115,2
DA:116,0
DA:117,0
DA:121,0
DA:122,0
DA:123,0
DA:125,0
DA:130,2
LF:53
LH:11
BRDA:5,0,0,0
BRDA:5,0,1,2
BRDA:30,1,0,0
BRDA:30,1,1,0
BRDA:45,2,0,0
BRDA:45,2,1,0
BRDA:58,3,0,0
BRDA:58,3,1,0
BRDA:61,4,0,0
BRDA:61,4,1,0
BRDA:77,5,0,0
BRDA:77,5,1,0
BRDA:91,6,0,0
BRDA:91,6,1,0
BRDA:106,7,0,0
BRDA:106,7,1,0
BRDA:121,8,0,0
BRDA:121,8,1,0
BRF:18
BRH:1
end_of_record
TN:
SF:routes/users.js
FN:5,(anonymous_0)
FNF:1
FNH:0
FNDA:0,(anonymous_0)
DA:1,2
DA:2,2
DA:5,2
DA:6,0
DA:9,2
LF:5
LH:4
BRF:0
BRH:0
end_of_record
